<?xml version="1.0" encoding="UTF-8"?>
<!-- Generated by org.testng.reporters.JUnitXMLReporter -->
<testsuite ignored="0" hostname="LAPTOP-PL6FGJN7" failures="0" tests="3" name="ChromeTest" time="27.81" errors="0" timestamp="2025-07-25T18:49:14 IST">
  <testcase classname="testCases.TC002_Login_Test" name="Verfiy_Login_Funct" time="4.919"/>
  <testcase classname="testCases.TC005_SearchProduct_Test" name="Verify_Search_Func" time="3.541"/>
  <testcase classname="testCases.TC006_Searched_Prod_Added_To_Cart_Test" name="Verify_SearchProdAddedToCartFunc" time="0.597"/>
</testsuite> <!-- ChromeTest -->
