<?xml version="1.0" encoding="UTF-8"?>
<!-- Generated by org.testng.reporters.JUnitXMLReporter -->
<testsuite ignored="0" hostname="LAPTOP-PL6FGJN7" failures="0" tests="1" name="Test" time="0.073" errors="0" timestamp="2025-03-29T16:31:03 IST">
  <testcase classname="test_Base.BaseClass" name="@BeforeClass setup" time="-1.743246062963E9">
    <failure type="org.testng.TestNGException" message="
Can inject only one of &amp;lt;ITestContext, XmlTest&amp;gt; into a @BeforeClass annotated setup.
For more information on native dependency injection please refer to https://testng.org/#_dependency_injection">
      <![CDATA[org.testng.TestNGException: 
Can inject only one of <ITestContext, XmlTest> into a @BeforeClass annotated setup.
For more information on native dependency injection please refer to https://testng.org/#_dependency_injection
at java.base/java.util.ArrayList.forEach(ArrayList.java:1511)
... Removed 22 stack frames]]>
    </failure>
  </testcase> <!-- @BeforeClass setup -->
  <testcase classname="test_Base.BaseClass" name="@AfterClass close" time="0.0">
    <skipped/>
  </testcase> <!-- @AfterClass close -->
  <testcase classname="testCases.TC001_AccountRegistration_Test" name="Verify_Accnt_RegistrationPage" time="0.0">
    <skipped/>
  </testcase> <!-- Verify_Accnt_RegistrationPage -->
</testsuite> <!-- Test -->
