<?xml version="1.0" encoding="UTF-8"?>
<testng-results ignored="0" total="3" passed="3" failed="0" skipped="0">
  <reporter-output>
  </reporter-output>
  <suite started-at="2025-07-25T18:48:44 IST" name="Suite" finished-at="2025-07-25T18:49:12 IST" duration-ms="27810">
    <groups>
      <group name="Master">
        <method signature="TC002_Login_Test.Verfiy_Login_Funct()[pri:0, instance:testCases.TC002_Login_Test@1a677343]" name="Verfiy_Login_Funct" class="testCases.TC002_Login_Test"/>
        <method signature="TC005_SearchProduct_Test.Verify_Search_Func()[pri:0, instance:testCases.TC005_SearchProduct_Test@3c9754d8]" name="Verify_Search_Func" class="testCases.TC005_SearchProduct_Test"/>
        <method signature="TC006_Searched_Prod_Added_To_Cart_Test.Verify_SearchProdAddedToCartFunc()[pri:0, instance:testCases.TC006_Searched_Prod_Added_To_Cart_Test@3bf7ca37]" name="Verify_SearchProdAddedToCartFunc" class="testCases.TC006_Searched_Prod_Added_To_Cart_Test"/>
      </group> <!-- Master -->
      <group name="Sanity">
        <method signature="TC002_Login_Test.Verfiy_Login_Funct()[pri:0, instance:testCases.TC002_Login_Test@1a677343]" name="Verfiy_Login_Funct" class="testCases.TC002_Login_Test"/>
        <method signature="TC005_SearchProduct_Test.Verify_Search_Func()[pri:0, instance:testCases.TC005_SearchProduct_Test@3c9754d8]" name="Verify_Search_Func" class="testCases.TC005_SearchProduct_Test"/>
        <method signature="TC006_Searched_Prod_Added_To_Cart_Test.Verify_SearchProdAddedToCartFunc()[pri:0, instance:testCases.TC006_Searched_Prod_Added_To_Cart_Test@3bf7ca37]" name="Verify_SearchProdAddedToCartFunc" class="testCases.TC006_Searched_Prod_Added_To_Cart_Test"/>
      </group> <!-- Sanity -->
    </groups>
    <test started-at="2025-07-25T18:48:44 IST" name="ChromeTest" finished-at="2025-07-25T18:49:12 IST" duration-ms="27810">
      <class name="testCases.TC006_Searched_Prod_Added_To_Cart_Test">
        <test-method is-config="true" signature="setup(java.lang.String,java.lang.String)[pri:0, instance:testCases.TC006_Searched_Prod_Added_To_Cart_Test@3bf7ca37]" started-at="2025-07-25T18:49:06 IST" name="setup" finished-at="2025-07-25T18:49:11 IST" duration-ms="5528" status="PASS">
          <params>
            <param index="0">
              <value>
                <![CDATA[windows]]>
              </value>
            </param>
            <param index="1">
              <value>
                <![CDATA[chrome]]>
              </value>
            </param>
          </params>
          <reporter-output>
          </reporter-output>
        </test-method> <!-- setup -->
        <test-method signature="Verify_SearchProdAddedToCartFunc()[pri:0, instance:testCases.TC006_Searched_Prod_Added_To_Cart_Test@3bf7ca37]" started-at="2025-07-25T18:49:11 IST" name="Verify_SearchProdAddedToCartFunc" finished-at="2025-07-25T18:49:12 IST" duration-ms="597" status="PASS">
          <reporter-output>
          </reporter-output>
        </test-method> <!-- Verify_SearchProdAddedToCartFunc -->
        <test-method is-config="true" signature="close()[pri:0, instance:testCases.TC006_Searched_Prod_Added_To_Cart_Test@3bf7ca37]" started-at="2025-07-25T18:49:12 IST" name="close" finished-at="2025-07-25T18:49:12 IST" duration-ms="203" status="PASS">
          <reporter-output>
          </reporter-output>
        </test-method> <!-- close -->
      </class> <!-- testCases.TC006_Searched_Prod_Added_To_Cart_Test -->
      <class name="testCases.TC005_SearchProduct_Test">
        <test-method is-config="true" signature="setup(java.lang.String,java.lang.String)[pri:0, instance:testCases.TC005_SearchProduct_Test@3c9754d8]" started-at="2025-07-25T18:48:56 IST" name="setup" finished-at="2025-07-25T18:49:02 IST" duration-ms="5542" status="PASS">
          <params>
            <param index="0">
              <value>
                <![CDATA[windows]]>
              </value>
            </param>
            <param index="1">
              <value>
                <![CDATA[chrome]]>
              </value>
            </param>
          </params>
          <reporter-output>
          </reporter-output>
        </test-method> <!-- setup -->
        <test-method signature="Verify_Search_Func()[pri:0, instance:testCases.TC005_SearchProduct_Test@3c9754d8]" started-at="2025-07-25T18:49:02 IST" name="Verify_Search_Func" finished-at="2025-07-25T18:49:05 IST" duration-ms="3541" status="PASS">
          <reporter-output>
          </reporter-output>
        </test-method> <!-- Verify_Search_Func -->
        <test-method is-config="true" signature="close()[pri:0, instance:testCases.TC005_SearchProduct_Test@3c9754d8]" started-at="2025-07-25T18:49:05 IST" name="close" finished-at="2025-07-25T18:49:06 IST" duration-ms="234" status="PASS">
          <reporter-output>
          </reporter-output>
        </test-method> <!-- close -->
      </class> <!-- testCases.TC005_SearchProduct_Test -->
      <class name="testCases.TC002_Login_Test">
        <test-method is-config="true" signature="setup(java.lang.String,java.lang.String)[pri:0, instance:testCases.TC002_Login_Test@1a677343]" started-at="2025-07-25T18:48:45 IST" name="setup" finished-at="2025-07-25T18:48:51 IST" duration-ms="6675" status="PASS">
          <params>
            <param index="0">
              <value>
                <![CDATA[windows]]>
              </value>
            </param>
            <param index="1">
              <value>
                <![CDATA[chrome]]>
              </value>
            </param>
          </params>
          <reporter-output>
          </reporter-output>
        </test-method> <!-- setup -->
        <test-method signature="Verfiy_Login_Funct()[pri:0, instance:testCases.TC002_Login_Test@1a677343]" started-at="2025-07-25T18:48:51 IST" name="Verfiy_Login_Funct" finished-at="2025-07-25T18:48:56 IST" duration-ms="4919" status="PASS">
          <reporter-output>
          </reporter-output>
        </test-method> <!-- Verfiy_Login_Funct -->
        <test-method is-config="true" signature="close()[pri:0, instance:testCases.TC002_Login_Test@1a677343]" started-at="2025-07-25T18:48:56 IST" name="close" finished-at="2025-07-25T18:48:56 IST" duration-ms="283" status="PASS">
          <reporter-output>
          </reporter-output>
        </test-method> <!-- close -->
      </class> <!-- testCases.TC002_Login_Test -->
    </test> <!-- ChromeTest -->
  </suite> <!-- Suite -->
</testng-results>
