<?xml version="1.0" encoding="UTF-8"?>
<testng-results ignored="0" total="2" passed="2" failed="0" skipped="0">
  <reporter-output>
  </reporter-output>
  <suite started-at="2025-05-11T10:46:45 IST" name="Suite" finished-at="2025-05-11T10:47:21 IST" duration-ms="35650">
    <groups>
      <group name="Master">
        <method signature="TC001_AccountRegistration_Test.Verify_Accnt_RegistrationPage()[pri:0, instance:testCases.TC001_AccountRegistration_Test@1fd14d74]" name="Verify_Accnt_RegistrationPage" class="testCases.TC001_AccountRegistration_Test"/>
        <method signature="TC002_Login_Test.Verfiy_Login_Funct()[pri:0, instance:testCases.TC002_Login_Test@7d3d101b]" name="Verfiy_Login_Funct" class="testCases.TC002_Login_Test"/>
      </group> <!-- Master -->
      <group name="Sanity">
        <method signature="TC002_Login_Test.Verfiy_Login_Funct()[pri:0, instance:testCases.TC002_Login_Test@7d3d101b]" name="Verfiy_Login_Funct" class="testCases.TC002_Login_Test"/>
      </group> <!-- Sanity -->
      <group name="Regression">
        <method signature="TC001_AccountRegistration_Test.Verify_Accnt_RegistrationPage()[pri:0, instance:testCases.TC001_AccountRegistration_Test@1fd14d74]" name="Verify_Accnt_RegistrationPage" class="testCases.TC001_AccountRegistration_Test"/>
      </group> <!-- Regression -->
    </groups>
    <test started-at="2025-05-11T10:46:45 IST" name="ChromeTest" finished-at="2025-05-11T10:47:21 IST" duration-ms="35650">
      <class name="testCases.TC001_AccountRegistration_Test">
        <test-method is-config="true" signature="setup(java.lang.String,java.lang.String)[pri:0, instance:testCases.TC001_AccountRegistration_Test@1fd14d74]" started-at="2025-05-11T10:46:45 IST" name="setup" finished-at="2025-05-11T10:46:57 IST" duration-ms="11487" status="PASS">
          <params>
            <param index="0">
              <value>
                <![CDATA[windows]]>
              </value>
            </param>
            <param index="1">
              <value>
                <![CDATA[chrome]]>
              </value>
            </param>
          </params>
          <reporter-output>
          </reporter-output>
        </test-method> <!-- setup -->
        <test-method signature="Verify_Accnt_RegistrationPage()[pri:0, instance:testCases.TC001_AccountRegistration_Test@1fd14d74]" started-at="2025-05-11T10:46:57 IST" name="Verify_Accnt_RegistrationPage" finished-at="2025-05-11T10:47:09 IST" duration-ms="12635" status="PASS">
          <reporter-output>
          </reporter-output>
        </test-method> <!-- Verify_Accnt_RegistrationPage -->
        <test-method is-config="true" signature="close()[pri:0, instance:testCases.TC001_AccountRegistration_Test@1fd14d74]" started-at="2025-05-11T10:47:09 IST" name="close" finished-at="2025-05-11T10:47:10 IST" duration-ms="247" status="PASS">
          <reporter-output>
          </reporter-output>
        </test-method> <!-- close -->
      </class> <!-- testCases.TC001_AccountRegistration_Test -->
      <class name="testCases.TC002_Login_Test">
        <test-method is-config="true" signature="setup(java.lang.String,java.lang.String)[pri:0, instance:testCases.TC002_Login_Test@7d3d101b]" started-at="2025-05-11T10:47:10 IST" name="setup" finished-at="2025-05-11T10:47:15 IST" duration-ms="5673" status="PASS">
          <params>
            <param index="0">
              <value>
                <![CDATA[windows]]>
              </value>
            </param>
            <param index="1">
              <value>
                <![CDATA[chrome]]>
              </value>
            </param>
          </params>
          <reporter-output>
          </reporter-output>
        </test-method> <!-- setup -->
        <test-method signature="Verfiy_Login_Funct()[pri:0, instance:testCases.TC002_Login_Test@7d3d101b]" started-at="2025-05-11T10:47:15 IST" name="Verfiy_Login_Funct" finished-at="2025-05-11T10:47:20 IST" duration-ms="5070" status="PASS">
          <reporter-output>
          </reporter-output>
        </test-method> <!-- Verfiy_Login_Funct -->
        <test-method is-config="true" signature="close()[pri:0, instance:testCases.TC002_Login_Test@7d3d101b]" started-at="2025-05-11T10:47:20 IST" name="close" finished-at="2025-05-11T10:47:21 IST" duration-ms="219" status="PASS">
          <reporter-output>
          </reporter-output>
        </test-method> <!-- close -->
      </class> <!-- testCases.TC002_Login_Test -->
    </test> <!-- ChromeTest -->
  </suite> <!-- Suite -->
</testng-results>
